============================= test session starts ==============================
platform darwin -- Python 3.9.15, pytest-6.2.2, py-1.11.0, pluggy-0.13.1 -- /Users/pedroberaldo/opt/anaconda3/envs/mlflow-a35db38b4ae81228d36bf1bbbc69f9f51ca6adad/bin/python
cachedir: .pytest_cache
rootdir: /Users/pedroberaldo/coding/udacity/mlops/genre_classification/check_data
collecting ... collected 4 items

test_data.py::test_column_presence_and_type ERROR
test_data.py::test_class_names ERROR
test_data.py::test_column_ranges ERROR
test_data.py::test_kolmogorov_smirnov ERROR

==================================== ERRORS ====================================
_______________ ERROR at setup of test_column_presence_and_type ________________

args = (<wandb.apis.public.Api object at 0x126fd1d00>,)
kwargs = {'name': 'exercise_14/data_train.csv:latest', 'type': None}
message = 'Project pedroberaldo/exercise_14 does not contain artifact: "data_train.csv:latest"'
payload = 'Project pedroberaldo/exercise_14 does not contain artifact: "data_train.csv:latest"'

    @wraps(func)
    def wrapper(*args, **kwargs):
        message = "Whoa, you found a bug."
        try:
>           return func(*args, **kwargs)

../../../../../opt/anaconda3/envs/mlflow-a35db38b4ae81228d36bf1bbbc69f9f51ca6adad/lib/python3.9/site-packages/wandb/apis/normalize.py:24: 
_ _ _ _ _ _ _ _ _ _ _ _ _ _ _ _ _ _ _ _ _ _ _ _ _ _ _ _ _ _ _ _ _ _ _ _ _ _ _ _ 

self = <wandb.apis.public.Api object at 0x126fd1d00>
name = 'exercise_14/data_train.csv:latest', type = None

    @normalize_exceptions
    def artifact(self, name, type=None):
        """
        Returns a single artifact by parsing path in the form `entity/project/run_id`.
    
        Arguments:
            name: (str) An artifact name. May be prefixed with entity/project. Valid names
                can be in the following forms:
                    name:version
                    name:alias
                    digest
            type: (str, optional) The type of artifact to fetch.
        Returns:
            A `Artifact` object.
        """
        if name is None:
            raise ValueError("You must specify name= to fetch an artifact.")
        entity, project, artifact_name = self._parse_artifact_path(name)
>       artifact = Artifact(self.client, entity, project, artifact_name)

../../../../../opt/anaconda3/envs/mlflow-a35db38b4ae81228d36bf1bbbc69f9f51ca6adad/lib/python3.9/site-packages/wandb/apis/public.py:520: 
_ _ _ _ _ _ _ _ _ _ _ _ _ _ _ _ _ _ _ _ _ _ _ _ _ _ _ _ _ _ _ _ _ _ _ _ _ _ _ _ 

self = <[TypeError("'NoneType' object is not subscriptable") raised in repr()] Artifact object at 0x127221130>
client = <wandb.apis.public.RetryingClient object at 0x127221340>
entity = 'pedroberaldo', project = 'exercise_14', name = 'data_train.csv:latest'
attrs = None

    def __init__(self, client, entity, project, name, attrs=None):
        self.client = client
        self._entity = entity
        self._project = project
        self._artifact_name = name
        self._attrs = attrs
        if self._attrs is None:
>           self._load()

../../../../../opt/anaconda3/envs/mlflow-a35db38b4ae81228d36bf1bbbc69f9f51ca6adad/lib/python3.9/site-packages/wandb/apis/public.py:2583: 
_ _ _ _ _ _ _ _ _ _ _ _ _ _ _ _ _ _ _ _ _ _ _ _ _ _ _ _ _ _ _ _ _ _ _ _ _ _ _ _ 

self = <[TypeError("'NoneType' object is not subscriptable") raised in repr()] Artifact object at 0x127221130>

    def _load(self):
        query = gql(
            """
        query Artifact(
            $entityName: String!,
            $projectName: String!,
            $name: String!
        ) {
            project(name: $projectName, entityName: $entityName) {
                artifact(name: $name) {
                    ...ArtifactFragment
                }
            }
        }
        %s
        """
            % ARTIFACT_FRAGMENT
        )
        response = None
        try:
            response = self.client.execute(
                query,
                variable_values={
                    "entityName": self.entity,
                    "projectName": self.project,
                    "name": self._artifact_name,
                },
            )
        except Exception:
            # we check for this after doing the call, since the backend supports raw digest lookups
            # which don't include ":" and are 32 characters long
            if ":" not in self._artifact_name and len(self._artifact_name) != 32:
                raise ValueError(
                    'Attempted to fetch artifact without alias (e.g. "<artifact_name>:v3" or "<artifact_name>:latest")'
                )
        if (
            response is None
            or response.get("project") is None
            or response["project"].get("artifact") is None
        ):
>           raise ValueError(
                'Project %s/%s does not contain artifact: "%s"'
                % (self.entity, self.project, self._artifact_name)
            )
E           ValueError: Project pedroberaldo/exercise_14 does not contain artifact: "data_train.csv:latest"

../../../../../opt/anaconda3/envs/mlflow-a35db38b4ae81228d36bf1bbbc69f9f51ca6adad/lib/python3.9/site-packages/wandb/apis/public.py:3097: ValueError

During handling of the above exception, another exception occurred:

request = <SubRequest 'data' for <Function test_column_presence_and_type>>

    @pytest.fixture(scope="session")
    def data(request):
    
        reference_artifact = request.config.option.reference_artifact
    
        if reference_artifact is None:
            pytest.fail("--reference_artifact missing on command line")
    
        sample_artifact = request.config.option.sample_artifact
    
        if sample_artifact is None:
            pytest.fail("--sample_artifact missing on command line")
    
>       local_path = run.use_artifact(reference_artifact).file()

conftest.py:28: 
_ _ _ _ _ _ _ _ _ _ _ _ _ _ _ _ _ _ _ _ _ _ _ _ _ _ _ _ _ _ _ _ _ _ _ _ _ _ _ _ 
../../../../../opt/anaconda3/envs/mlflow-a35db38b4ae81228d36bf1bbbc69f9f51ca6adad/lib/python3.9/site-packages/wandb/sdk/wandb_run.py:1957: in use_artifact
    artifact = public_api.artifact(type=type, name=name)
../../../../../opt/anaconda3/envs/mlflow-a35db38b4ae81228d36bf1bbbc69f9f51ca6adad/lib/python3.9/site-packages/wandb/apis/normalize.py:62: in wrapper
    six.reraise(CommError, CommError(message, err), sys.exc_info()[2])
../../../../../opt/anaconda3/envs/mlflow-a35db38b4ae81228d36bf1bbbc69f9f51ca6adad/lib/python3.9/site-packages/six.py:718: in reraise
    raise value.with_traceback(tb)
../../../../../opt/anaconda3/envs/mlflow-a35db38b4ae81228d36bf1bbbc69f9f51ca6adad/lib/python3.9/site-packages/wandb/apis/normalize.py:24: in wrapper
    return func(*args, **kwargs)
../../../../../opt/anaconda3/envs/mlflow-a35db38b4ae81228d36bf1bbbc69f9f51ca6adad/lib/python3.9/site-packages/wandb/apis/public.py:520: in artifact
    artifact = Artifact(self.client, entity, project, artifact_name)
../../../../../opt/anaconda3/envs/mlflow-a35db38b4ae81228d36bf1bbbc69f9f51ca6adad/lib/python3.9/site-packages/wandb/apis/public.py:2583: in __init__
    self._load()
_ _ _ _ _ _ _ _ _ _ _ _ _ _ _ _ _ _ _ _ _ _ _ _ _ _ _ _ _ _ _ _ _ _ _ _ _ _ _ _ 

self = <[TypeError("'NoneType' object is not subscriptable") raised in repr()] Artifact object at 0x127221130>

    def _load(self):
        query = gql(
            """
        query Artifact(
            $entityName: String!,
            $projectName: String!,
            $name: String!
        ) {
            project(name: $projectName, entityName: $entityName) {
                artifact(name: $name) {
                    ...ArtifactFragment
                }
            }
        }
        %s
        """
            % ARTIFACT_FRAGMENT
        )
        response = None
        try:
            response = self.client.execute(
                query,
                variable_values={
                    "entityName": self.entity,
                    "projectName": self.project,
                    "name": self._artifact_name,
                },
            )
        except Exception:
            # we check for this after doing the call, since the backend supports raw digest lookups
            # which don't include ":" and are 32 characters long
            if ":" not in self._artifact_name and len(self._artifact_name) != 32:
                raise ValueError(
                    'Attempted to fetch artifact without alias (e.g. "<artifact_name>:v3" or "<artifact_name>:latest")'
                )
        if (
            response is None
            or response.get("project") is None
            or response["project"].get("artifact") is None
        ):
>           raise ValueError(
                'Project %s/%s does not contain artifact: "%s"'
                % (self.entity, self.project, self._artifact_name)
            )
E           wandb.errors.error.CommError: Project pedroberaldo/exercise_14 does not contain artifact: "data_train.csv:latest"

../../../../../opt/anaconda3/envs/mlflow-a35db38b4ae81228d36bf1bbbc69f9f51ca6adad/lib/python3.9/site-packages/wandb/apis/public.py:3097: CommError
______________________ ERROR at setup of test_class_names ______________________

args = (<wandb.apis.public.Api object at 0x126fd1d00>,)
kwargs = {'name': 'exercise_14/data_train.csv:latest', 'type': None}
message = 'Project pedroberaldo/exercise_14 does not contain artifact: "data_train.csv:latest"'
payload = 'Project pedroberaldo/exercise_14 does not contain artifact: "data_train.csv:latest"'

    @wraps(func)
    def wrapper(*args, **kwargs):
        message = "Whoa, you found a bug."
        try:
>           return func(*args, **kwargs)

../../../../../opt/anaconda3/envs/mlflow-a35db38b4ae81228d36bf1bbbc69f9f51ca6adad/lib/python3.9/site-packages/wandb/apis/normalize.py:24: 
_ _ _ _ _ _ _ _ _ _ _ _ _ _ _ _ _ _ _ _ _ _ _ _ _ _ _ _ _ _ _ _ _ _ _ _ _ _ _ _ 

self = <wandb.apis.public.Api object at 0x126fd1d00>
name = 'exercise_14/data_train.csv:latest', type = None

    @normalize_exceptions
    def artifact(self, name, type=None):
        """
        Returns a single artifact by parsing path in the form `entity/project/run_id`.
    
        Arguments:
            name: (str) An artifact name. May be prefixed with entity/project. Valid names
                can be in the following forms:
                    name:version
                    name:alias
                    digest
            type: (str, optional) The type of artifact to fetch.
        Returns:
            A `Artifact` object.
        """
        if name is None:
            raise ValueError("You must specify name= to fetch an artifact.")
        entity, project, artifact_name = self._parse_artifact_path(name)
>       artifact = Artifact(self.client, entity, project, artifact_name)

../../../../../opt/anaconda3/envs/mlflow-a35db38b4ae81228d36bf1bbbc69f9f51ca6adad/lib/python3.9/site-packages/wandb/apis/public.py:520: 
_ _ _ _ _ _ _ _ _ _ _ _ _ _ _ _ _ _ _ _ _ _ _ _ _ _ _ _ _ _ _ _ _ _ _ _ _ _ _ _ 

self = <[TypeError("'NoneType' object is not subscriptable") raised in repr()] Artifact object at 0x127221130>
client = <wandb.apis.public.RetryingClient object at 0x127221340>
entity = 'pedroberaldo', project = 'exercise_14', name = 'data_train.csv:latest'
attrs = None

    def __init__(self, client, entity, project, name, attrs=None):
        self.client = client
        self._entity = entity
        self._project = project
        self._artifact_name = name
        self._attrs = attrs
        if self._attrs is None:
>           self._load()

../../../../../opt/anaconda3/envs/mlflow-a35db38b4ae81228d36bf1bbbc69f9f51ca6adad/lib/python3.9/site-packages/wandb/apis/public.py:2583: 
_ _ _ _ _ _ _ _ _ _ _ _ _ _ _ _ _ _ _ _ _ _ _ _ _ _ _ _ _ _ _ _ _ _ _ _ _ _ _ _ 

self = <[TypeError("'NoneType' object is not subscriptable") raised in repr()] Artifact object at 0x127221130>

    def _load(self):
        query = gql(
            """
        query Artifact(
            $entityName: String!,
            $projectName: String!,
            $name: String!
        ) {
            project(name: $projectName, entityName: $entityName) {
                artifact(name: $name) {
                    ...ArtifactFragment
                }
            }
        }
        %s
        """
            % ARTIFACT_FRAGMENT
        )
        response = None
        try:
            response = self.client.execute(
                query,
                variable_values={
                    "entityName": self.entity,
                    "projectName": self.project,
                    "name": self._artifact_name,
                },
            )
        except Exception:
            # we check for this after doing the call, since the backend supports raw digest lookups
            # which don't include ":" and are 32 characters long
            if ":" not in self._artifact_name and len(self._artifact_name) != 32:
                raise ValueError(
                    'Attempted to fetch artifact without alias (e.g. "<artifact_name>:v3" or "<artifact_name>:latest")'
                )
        if (
            response is None
            or response.get("project") is None
            or response["project"].get("artifact") is None
        ):
>           raise ValueError(
                'Project %s/%s does not contain artifact: "%s"'
                % (self.entity, self.project, self._artifact_name)
            )
E           ValueError: Project pedroberaldo/exercise_14 does not contain artifact: "data_train.csv:latest"

../../../../../opt/anaconda3/envs/mlflow-a35db38b4ae81228d36bf1bbbc69f9f51ca6adad/lib/python3.9/site-packages/wandb/apis/public.py:3097: ValueError

During handling of the above exception, another exception occurred:

request = <SubRequest 'data' for <Function test_column_presence_and_type>>

    @pytest.fixture(scope="session")
    def data(request):
    
        reference_artifact = request.config.option.reference_artifact
    
        if reference_artifact is None:
            pytest.fail("--reference_artifact missing on command line")
    
        sample_artifact = request.config.option.sample_artifact
    
        if sample_artifact is None:
            pytest.fail("--sample_artifact missing on command line")
    
>       local_path = run.use_artifact(reference_artifact).file()

conftest.py:28: 
_ _ _ _ _ _ _ _ _ _ _ _ _ _ _ _ _ _ _ _ _ _ _ _ _ _ _ _ _ _ _ _ _ _ _ _ _ _ _ _ 
../../../../../opt/anaconda3/envs/mlflow-a35db38b4ae81228d36bf1bbbc69f9f51ca6adad/lib/python3.9/site-packages/wandb/sdk/wandb_run.py:1957: in use_artifact
    artifact = public_api.artifact(type=type, name=name)
../../../../../opt/anaconda3/envs/mlflow-a35db38b4ae81228d36bf1bbbc69f9f51ca6adad/lib/python3.9/site-packages/wandb/apis/normalize.py:62: in wrapper
    six.reraise(CommError, CommError(message, err), sys.exc_info()[2])
../../../../../opt/anaconda3/envs/mlflow-a35db38b4ae81228d36bf1bbbc69f9f51ca6adad/lib/python3.9/site-packages/six.py:718: in reraise
    raise value.with_traceback(tb)
../../../../../opt/anaconda3/envs/mlflow-a35db38b4ae81228d36bf1bbbc69f9f51ca6adad/lib/python3.9/site-packages/wandb/apis/normalize.py:24: in wrapper
    return func(*args, **kwargs)
../../../../../opt/anaconda3/envs/mlflow-a35db38b4ae81228d36bf1bbbc69f9f51ca6adad/lib/python3.9/site-packages/wandb/apis/public.py:520: in artifact
    artifact = Artifact(self.client, entity, project, artifact_name)
../../../../../opt/anaconda3/envs/mlflow-a35db38b4ae81228d36bf1bbbc69f9f51ca6adad/lib/python3.9/site-packages/wandb/apis/public.py:2583: in __init__
    self._load()
_ _ _ _ _ _ _ _ _ _ _ _ _ _ _ _ _ _ _ _ _ _ _ _ _ _ _ _ _ _ _ _ _ _ _ _ _ _ _ _ 

self = <[TypeError("'NoneType' object is not subscriptable") raised in repr()] Artifact object at 0x127221130>

    def _load(self):
        query = gql(
            """
        query Artifact(
            $entityName: String!,
            $projectName: String!,
            $name: String!
        ) {
            project(name: $projectName, entityName: $entityName) {
                artifact(name: $name) {
                    ...ArtifactFragment
                }
            }
        }
        %s
        """
            % ARTIFACT_FRAGMENT
        )
        response = None
        try:
            response = self.client.execute(
                query,
                variable_values={
                    "entityName": self.entity,
                    "projectName": self.project,
                    "name": self._artifact_name,
                },
            )
        except Exception:
            # we check for this after doing the call, since the backend supports raw digest lookups
            # which don't include ":" and are 32 characters long
            if ":" not in self._artifact_name and len(self._artifact_name) != 32:
                raise ValueError(
                    'Attempted to fetch artifact without alias (e.g. "<artifact_name>:v3" or "<artifact_name>:latest")'
                )
        if (
            response is None
            or response.get("project") is None
            or response["project"].get("artifact") is None
        ):
>           raise ValueError(
                'Project %s/%s does not contain artifact: "%s"'
                % (self.entity, self.project, self._artifact_name)
            )
E           wandb.errors.error.CommError: Project pedroberaldo/exercise_14 does not contain artifact: "data_train.csv:latest"

../../../../../opt/anaconda3/envs/mlflow-a35db38b4ae81228d36bf1bbbc69f9f51ca6adad/lib/python3.9/site-packages/wandb/apis/public.py:3097: CommError
_____________________ ERROR at setup of test_column_ranges _____________________

args = (<wandb.apis.public.Api object at 0x126fd1d00>,)
kwargs = {'name': 'exercise_14/data_train.csv:latest', 'type': None}
message = 'Project pedroberaldo/exercise_14 does not contain artifact: "data_train.csv:latest"'
payload = 'Project pedroberaldo/exercise_14 does not contain artifact: "data_train.csv:latest"'

    @wraps(func)
    def wrapper(*args, **kwargs):
        message = "Whoa, you found a bug."
        try:
>           return func(*args, **kwargs)

../../../../../opt/anaconda3/envs/mlflow-a35db38b4ae81228d36bf1bbbc69f9f51ca6adad/lib/python3.9/site-packages/wandb/apis/normalize.py:24: 
_ _ _ _ _ _ _ _ _ _ _ _ _ _ _ _ _ _ _ _ _ _ _ _ _ _ _ _ _ _ _ _ _ _ _ _ _ _ _ _ 

self = <wandb.apis.public.Api object at 0x126fd1d00>
name = 'exercise_14/data_train.csv:latest', type = None

    @normalize_exceptions
    def artifact(self, name, type=None):
        """
        Returns a single artifact by parsing path in the form `entity/project/run_id`.
    
        Arguments:
            name: (str) An artifact name. May be prefixed with entity/project. Valid names
                can be in the following forms:
                    name:version
                    name:alias
                    digest
            type: (str, optional) The type of artifact to fetch.
        Returns:
            A `Artifact` object.
        """
        if name is None:
            raise ValueError("You must specify name= to fetch an artifact.")
        entity, project, artifact_name = self._parse_artifact_path(name)
>       artifact = Artifact(self.client, entity, project, artifact_name)

../../../../../opt/anaconda3/envs/mlflow-a35db38b4ae81228d36bf1bbbc69f9f51ca6adad/lib/python3.9/site-packages/wandb/apis/public.py:520: 
_ _ _ _ _ _ _ _ _ _ _ _ _ _ _ _ _ _ _ _ _ _ _ _ _ _ _ _ _ _ _ _ _ _ _ _ _ _ _ _ 

self = <[TypeError("'NoneType' object is not subscriptable") raised in repr()] Artifact object at 0x127221130>
client = <wandb.apis.public.RetryingClient object at 0x127221340>
entity = 'pedroberaldo', project = 'exercise_14', name = 'data_train.csv:latest'
attrs = None

    def __init__(self, client, entity, project, name, attrs=None):
        self.client = client
        self._entity = entity
        self._project = project
        self._artifact_name = name
        self._attrs = attrs
        if self._attrs is None:
>           self._load()

../../../../../opt/anaconda3/envs/mlflow-a35db38b4ae81228d36bf1bbbc69f9f51ca6adad/lib/python3.9/site-packages/wandb/apis/public.py:2583: 
_ _ _ _ _ _ _ _ _ _ _ _ _ _ _ _ _ _ _ _ _ _ _ _ _ _ _ _ _ _ _ _ _ _ _ _ _ _ _ _ 

self = <[TypeError("'NoneType' object is not subscriptable") raised in repr()] Artifact object at 0x127221130>

    def _load(self):
        query = gql(
            """
        query Artifact(
            $entityName: String!,
            $projectName: String!,
            $name: String!
        ) {
            project(name: $projectName, entityName: $entityName) {
                artifact(name: $name) {
                    ...ArtifactFragment
                }
            }
        }
        %s
        """
            % ARTIFACT_FRAGMENT
        )
        response = None
        try:
            response = self.client.execute(
                query,
                variable_values={
                    "entityName": self.entity,
                    "projectName": self.project,
                    "name": self._artifact_name,
                },
            )
        except Exception:
            # we check for this after doing the call, since the backend supports raw digest lookups
            # which don't include ":" and are 32 characters long
            if ":" not in self._artifact_name and len(self._artifact_name) != 32:
                raise ValueError(
                    'Attempted to fetch artifact without alias (e.g. "<artifact_name>:v3" or "<artifact_name>:latest")'
                )
        if (
            response is None
            or response.get("project") is None
            or response["project"].get("artifact") is None
        ):
>           raise ValueError(
                'Project %s/%s does not contain artifact: "%s"'
                % (self.entity, self.project, self._artifact_name)
            )
E           ValueError: Project pedroberaldo/exercise_14 does not contain artifact: "data_train.csv:latest"

../../../../../opt/anaconda3/envs/mlflow-a35db38b4ae81228d36bf1bbbc69f9f51ca6adad/lib/python3.9/site-packages/wandb/apis/public.py:3097: ValueError

During handling of the above exception, another exception occurred:

request = <SubRequest 'data' for <Function test_column_presence_and_type>>

    @pytest.fixture(scope="session")
    def data(request):
    
        reference_artifact = request.config.option.reference_artifact
    
        if reference_artifact is None:
            pytest.fail("--reference_artifact missing on command line")
    
        sample_artifact = request.config.option.sample_artifact
    
        if sample_artifact is None:
            pytest.fail("--sample_artifact missing on command line")
    
>       local_path = run.use_artifact(reference_artifact).file()

conftest.py:28: 
_ _ _ _ _ _ _ _ _ _ _ _ _ _ _ _ _ _ _ _ _ _ _ _ _ _ _ _ _ _ _ _ _ _ _ _ _ _ _ _ 
../../../../../opt/anaconda3/envs/mlflow-a35db38b4ae81228d36bf1bbbc69f9f51ca6adad/lib/python3.9/site-packages/wandb/sdk/wandb_run.py:1957: in use_artifact
    artifact = public_api.artifact(type=type, name=name)
../../../../../opt/anaconda3/envs/mlflow-a35db38b4ae81228d36bf1bbbc69f9f51ca6adad/lib/python3.9/site-packages/wandb/apis/normalize.py:62: in wrapper
    six.reraise(CommError, CommError(message, err), sys.exc_info()[2])
../../../../../opt/anaconda3/envs/mlflow-a35db38b4ae81228d36bf1bbbc69f9f51ca6adad/lib/python3.9/site-packages/six.py:718: in reraise
    raise value.with_traceback(tb)
../../../../../opt/anaconda3/envs/mlflow-a35db38b4ae81228d36bf1bbbc69f9f51ca6adad/lib/python3.9/site-packages/wandb/apis/normalize.py:24: in wrapper
    return func(*args, **kwargs)
../../../../../opt/anaconda3/envs/mlflow-a35db38b4ae81228d36bf1bbbc69f9f51ca6adad/lib/python3.9/site-packages/wandb/apis/public.py:520: in artifact
    artifact = Artifact(self.client, entity, project, artifact_name)
../../../../../opt/anaconda3/envs/mlflow-a35db38b4ae81228d36bf1bbbc69f9f51ca6adad/lib/python3.9/site-packages/wandb/apis/public.py:2583: in __init__
    self._load()
_ _ _ _ _ _ _ _ _ _ _ _ _ _ _ _ _ _ _ _ _ _ _ _ _ _ _ _ _ _ _ _ _ _ _ _ _ _ _ _ 

self = <[TypeError("'NoneType' object is not subscriptable") raised in repr()] Artifact object at 0x127221130>

    def _load(self):
        query = gql(
            """
        query Artifact(
            $entityName: String!,
            $projectName: String!,
            $name: String!
        ) {
            project(name: $projectName, entityName: $entityName) {
                artifact(name: $name) {
                    ...ArtifactFragment
                }
            }
        }
        %s
        """
            % ARTIFACT_FRAGMENT
        )
        response = None
        try:
            response = self.client.execute(
                query,
                variable_values={
                    "entityName": self.entity,
                    "projectName": self.project,
                    "name": self._artifact_name,
                },
            )
        except Exception:
            # we check for this after doing the call, since the backend supports raw digest lookups
            # which don't include ":" and are 32 characters long
            if ":" not in self._artifact_name and len(self._artifact_name) != 32:
                raise ValueError(
                    'Attempted to fetch artifact without alias (e.g. "<artifact_name>:v3" or "<artifact_name>:latest")'
                )
        if (
            response is None
            or response.get("project") is None
            or response["project"].get("artifact") is None
        ):
>           raise ValueError(
                'Project %s/%s does not contain artifact: "%s"'
                % (self.entity, self.project, self._artifact_name)
            )
E           wandb.errors.error.CommError: Project pedroberaldo/exercise_14 does not contain artifact: "data_train.csv:latest"

../../../../../opt/anaconda3/envs/mlflow-a35db38b4ae81228d36bf1bbbc69f9f51ca6adad/lib/python3.9/site-packages/wandb/apis/public.py:3097: CommError
__________________ ERROR at setup of test_kolmogorov_smirnov ___________________

args = (<wandb.apis.public.Api object at 0x126fd1d00>,)
kwargs = {'name': 'exercise_14/data_train.csv:latest', 'type': None}
message = 'Project pedroberaldo/exercise_14 does not contain artifact: "data_train.csv:latest"'
payload = 'Project pedroberaldo/exercise_14 does not contain artifact: "data_train.csv:latest"'

    @wraps(func)
    def wrapper(*args, **kwargs):
        message = "Whoa, you found a bug."
        try:
>           return func(*args, **kwargs)

../../../../../opt/anaconda3/envs/mlflow-a35db38b4ae81228d36bf1bbbc69f9f51ca6adad/lib/python3.9/site-packages/wandb/apis/normalize.py:24: 
_ _ _ _ _ _ _ _ _ _ _ _ _ _ _ _ _ _ _ _ _ _ _ _ _ _ _ _ _ _ _ _ _ _ _ _ _ _ _ _ 

self = <wandb.apis.public.Api object at 0x126fd1d00>
name = 'exercise_14/data_train.csv:latest', type = None

    @normalize_exceptions
    def artifact(self, name, type=None):
        """
        Returns a single artifact by parsing path in the form `entity/project/run_id`.
    
        Arguments:
            name: (str) An artifact name. May be prefixed with entity/project. Valid names
                can be in the following forms:
                    name:version
                    name:alias
                    digest
            type: (str, optional) The type of artifact to fetch.
        Returns:
            A `Artifact` object.
        """
        if name is None:
            raise ValueError("You must specify name= to fetch an artifact.")
        entity, project, artifact_name = self._parse_artifact_path(name)
>       artifact = Artifact(self.client, entity, project, artifact_name)

../../../../../opt/anaconda3/envs/mlflow-a35db38b4ae81228d36bf1bbbc69f9f51ca6adad/lib/python3.9/site-packages/wandb/apis/public.py:520: 
_ _ _ _ _ _ _ _ _ _ _ _ _ _ _ _ _ _ _ _ _ _ _ _ _ _ _ _ _ _ _ _ _ _ _ _ _ _ _ _ 

self = <[TypeError("'NoneType' object is not subscriptable") raised in repr()] Artifact object at 0x127221130>
client = <wandb.apis.public.RetryingClient object at 0x127221340>
entity = 'pedroberaldo', project = 'exercise_14', name = 'data_train.csv:latest'
attrs = None

    def __init__(self, client, entity, project, name, attrs=None):
        self.client = client
        self._entity = entity
        self._project = project
        self._artifact_name = name
        self._attrs = attrs
        if self._attrs is None:
>           self._load()

../../../../../opt/anaconda3/envs/mlflow-a35db38b4ae81228d36bf1bbbc69f9f51ca6adad/lib/python3.9/site-packages/wandb/apis/public.py:2583: 
_ _ _ _ _ _ _ _ _ _ _ _ _ _ _ _ _ _ _ _ _ _ _ _ _ _ _ _ _ _ _ _ _ _ _ _ _ _ _ _ 

self = <[TypeError("'NoneType' object is not subscriptable") raised in repr()] Artifact object at 0x127221130>

    def _load(self):
        query = gql(
            """
        query Artifact(
            $entityName: String!,
            $projectName: String!,
            $name: String!
        ) {
            project(name: $projectName, entityName: $entityName) {
                artifact(name: $name) {
                    ...ArtifactFragment
                }
            }
        }
        %s
        """
            % ARTIFACT_FRAGMENT
        )
        response = None
        try:
            response = self.client.execute(
                query,
                variable_values={
                    "entityName": self.entity,
                    "projectName": self.project,
                    "name": self._artifact_name,
                },
            )
        except Exception:
            # we check for this after doing the call, since the backend supports raw digest lookups
            # which don't include ":" and are 32 characters long
            if ":" not in self._artifact_name and len(self._artifact_name) != 32:
                raise ValueError(
                    'Attempted to fetch artifact without alias (e.g. "<artifact_name>:v3" or "<artifact_name>:latest")'
                )
        if (
            response is None
            or response.get("project") is None
            or response["project"].get("artifact") is None
        ):
>           raise ValueError(
                'Project %s/%s does not contain artifact: "%s"'
                % (self.entity, self.project, self._artifact_name)
            )
E           ValueError: Project pedroberaldo/exercise_14 does not contain artifact: "data_train.csv:latest"

../../../../../opt/anaconda3/envs/mlflow-a35db38b4ae81228d36bf1bbbc69f9f51ca6adad/lib/python3.9/site-packages/wandb/apis/public.py:3097: ValueError

During handling of the above exception, another exception occurred:

request = <SubRequest 'data' for <Function test_column_presence_and_type>>

    @pytest.fixture(scope="session")
    def data(request):
    
        reference_artifact = request.config.option.reference_artifact
    
        if reference_artifact is None:
            pytest.fail("--reference_artifact missing on command line")
    
        sample_artifact = request.config.option.sample_artifact
    
        if sample_artifact is None:
            pytest.fail("--sample_artifact missing on command line")
    
>       local_path = run.use_artifact(reference_artifact).file()

conftest.py:28: 
_ _ _ _ _ _ _ _ _ _ _ _ _ _ _ _ _ _ _ _ _ _ _ _ _ _ _ _ _ _ _ _ _ _ _ _ _ _ _ _ 
../../../../../opt/anaconda3/envs/mlflow-a35db38b4ae81228d36bf1bbbc69f9f51ca6adad/lib/python3.9/site-packages/wandb/sdk/wandb_run.py:1957: in use_artifact
    artifact = public_api.artifact(type=type, name=name)
../../../../../opt/anaconda3/envs/mlflow-a35db38b4ae81228d36bf1bbbc69f9f51ca6adad/lib/python3.9/site-packages/wandb/apis/normalize.py:62: in wrapper
    six.reraise(CommError, CommError(message, err), sys.exc_info()[2])
../../../../../opt/anaconda3/envs/mlflow-a35db38b4ae81228d36bf1bbbc69f9f51ca6adad/lib/python3.9/site-packages/six.py:718: in reraise
    raise value.with_traceback(tb)
../../../../../opt/anaconda3/envs/mlflow-a35db38b4ae81228d36bf1bbbc69f9f51ca6adad/lib/python3.9/site-packages/wandb/apis/normalize.py:24: in wrapper
    return func(*args, **kwargs)
../../../../../opt/anaconda3/envs/mlflow-a35db38b4ae81228d36bf1bbbc69f9f51ca6adad/lib/python3.9/site-packages/wandb/apis/public.py:520: in artifact
    artifact = Artifact(self.client, entity, project, artifact_name)
../../../../../opt/anaconda3/envs/mlflow-a35db38b4ae81228d36bf1bbbc69f9f51ca6adad/lib/python3.9/site-packages/wandb/apis/public.py:2583: in __init__
    self._load()
_ _ _ _ _ _ _ _ _ _ _ _ _ _ _ _ _ _ _ _ _ _ _ _ _ _ _ _ _ _ _ _ _ _ _ _ _ _ _ _ 

self = <[TypeError("'NoneType' object is not subscriptable") raised in repr()] Artifact object at 0x127221130>

    def _load(self):
        query = gql(
            """
        query Artifact(
            $entityName: String!,
            $projectName: String!,
            $name: String!
        ) {
            project(name: $projectName, entityName: $entityName) {
                artifact(name: $name) {
                    ...ArtifactFragment
                }
            }
        }
        %s
        """
            % ARTIFACT_FRAGMENT
        )
        response = None
        try:
            response = self.client.execute(
                query,
                variable_values={
                    "entityName": self.entity,
                    "projectName": self.project,
                    "name": self._artifact_name,
                },
            )
        except Exception:
            # we check for this after doing the call, since the backend supports raw digest lookups
            # which don't include ":" and are 32 characters long
            if ":" not in self._artifact_name and len(self._artifact_name) != 32:
                raise ValueError(
                    'Attempted to fetch artifact without alias (e.g. "<artifact_name>:v3" or "<artifact_name>:latest")'
                )
        if (
            response is None
            or response.get("project") is None
            or response["project"].get("artifact") is None
        ):
>           raise ValueError(
                'Project %s/%s does not contain artifact: "%s"'
                % (self.entity, self.project, self._artifact_name)
            )
E           wandb.errors.error.CommError: Project pedroberaldo/exercise_14 does not contain artifact: "data_train.csv:latest"

../../../../../opt/anaconda3/envs/mlflow-a35db38b4ae81228d36bf1bbbc69f9f51ca6adad/lib/python3.9/site-packages/wandb/apis/public.py:3097: CommError
=============================== warnings summary ===============================
../../../../../opt/anaconda3/envs/mlflow-a35db38b4ae81228d36bf1bbbc69f9f51ca6adad/lib/python3.9/site-packages/wandb/proto/wandb_telemetry_pb2.py:16
  /Users/pedroberaldo/opt/anaconda3/envs/mlflow-a35db38b4ae81228d36bf1bbbc69f9f51ca6adad/lib/python3.9/site-packages/wandb/proto/wandb_telemetry_pb2.py:16: DeprecationWarning: Call to deprecated create function FileDescriptor(). Note: Create unlinked descriptors is going to go away. Please use get/find descriptors from generated code or query the descriptor_pool.
    DESCRIPTOR = _descriptor.FileDescriptor(

../../../../../opt/anaconda3/envs/mlflow-a35db38b4ae81228d36bf1bbbc69f9f51ca6adad/lib/python3.9/site-packages/wandb/proto/wandb_telemetry_pb2.py:34
  /Users/pedroberaldo/opt/anaconda3/envs/mlflow-a35db38b4ae81228d36bf1bbbc69f9f51ca6adad/lib/python3.9/site-packages/wandb/proto/wandb_telemetry_pb2.py:34: DeprecationWarning: Call to deprecated create function FieldDescriptor(). Note: Create unlinked descriptors is going to go away. Please use get/find descriptors from generated code or query the descriptor_pool.
    _descriptor.FieldDescriptor(

../../../../../opt/anaconda3/envs/mlflow-a35db38b4ae81228d36bf1bbbc69f9f51ca6adad/lib/python3.9/site-packages/wandb/proto/wandb_telemetry_pb2.py:41
  /Users/pedroberaldo/opt/anaconda3/envs/mlflow-a35db38b4ae81228d36bf1bbbc69f9f51ca6adad/lib/python3.9/site-packages/wandb/proto/wandb_telemetry_pb2.py:41: DeprecationWarning: Call to deprecated create function FieldDescriptor(). Note: Create unlinked descriptors is going to go away. Please use get/find descriptors from generated code or query the descriptor_pool.
    _descriptor.FieldDescriptor(

../../../../../opt/anaconda3/envs/mlflow-a35db38b4ae81228d36bf1bbbc69f9f51ca6adad/lib/python3.9/site-packages/wandb/proto/wandb_telemetry_pb2.py:48
  /Users/pedroberaldo/opt/anaconda3/envs/mlflow-a35db38b4ae81228d36bf1bbbc69f9f51ca6adad/lib/python3.9/site-packages/wandb/proto/wandb_telemetry_pb2.py:48: DeprecationWarning: Call to deprecated create function FieldDescriptor(). Note: Create unlinked descriptors is going to go away. Please use get/find descriptors from generated code or query the descriptor_pool.
    _descriptor.FieldDescriptor(

../../../../../opt/anaconda3/envs/mlflow-a35db38b4ae81228d36bf1bbbc69f9f51ca6adad/lib/python3.9/site-packages/wandb/proto/wandb_telemetry_pb2.py:55
  /Users/pedroberaldo/opt/anaconda3/envs/mlflow-a35db38b4ae81228d36bf1bbbc69f9f51ca6adad/lib/python3.9/site-packages/wandb/proto/wandb_telemetry_pb2.py:55: DeprecationWarning: Call to deprecated create function FieldDescriptor(). Note: Create unlinked descriptors is going to go away. Please use get/find descriptors from generated code or query the descriptor_pool.
    _descriptor.FieldDescriptor(

../../../../../opt/anaconda3/envs/mlflow-a35db38b4ae81228d36bf1bbbc69f9f51ca6adad/lib/python3.9/site-packages/wandb/proto/wandb_telemetry_pb2.py:62
  /Users/pedroberaldo/opt/anaconda3/envs/mlflow-a35db38b4ae81228d36bf1bbbc69f9f51ca6adad/lib/python3.9/site-packages/wandb/proto/wandb_telemetry_pb2.py:62: DeprecationWarning: Call to deprecated create function FieldDescriptor(). Note: Create unlinked descriptors is going to go away. Please use get/find descriptors from generated code or query the descriptor_pool.
    _descriptor.FieldDescriptor(

../../../../../opt/anaconda3/envs/mlflow-a35db38b4ae81228d36bf1bbbc69f9f51ca6adad/lib/python3.9/site-packages/wandb/proto/wandb_telemetry_pb2.py:69
  /Users/pedroberaldo/opt/anaconda3/envs/mlflow-a35db38b4ae81228d36bf1bbbc69f9f51ca6adad/lib/python3.9/site-packages/wandb/proto/wandb_telemetry_pb2.py:69: DeprecationWarning: Call to deprecated create function FieldDescriptor(). Note: Create unlinked descriptors is going to go away. Please use get/find descriptors from generated code or query the descriptor_pool.
    _descriptor.FieldDescriptor(

../../../../../opt/anaconda3/envs/mlflow-a35db38b4ae81228d36bf1bbbc69f9f51ca6adad/lib/python3.9/site-packages/wandb/proto/wandb_telemetry_pb2.py:76
  /Users/pedroberaldo/opt/anaconda3/envs/mlflow-a35db38b4ae81228d36bf1bbbc69f9f51ca6adad/lib/python3.9/site-packages/wandb/proto/wandb_telemetry_pb2.py:76: DeprecationWarning: Call to deprecated create function FieldDescriptor(). Note: Create unlinked descriptors is going to go away. Please use get/find descriptors from generated code or query the descriptor_pool.
    _descriptor.FieldDescriptor(

../../../../../opt/anaconda3/envs/mlflow-a35db38b4ae81228d36bf1bbbc69f9f51ca6adad/lib/python3.9/site-packages/wandb/proto/wandb_telemetry_pb2.py:27
  /Users/pedroberaldo/opt/anaconda3/envs/mlflow-a35db38b4ae81228d36bf1bbbc69f9f51ca6adad/lib/python3.9/site-packages/wandb/proto/wandb_telemetry_pb2.py:27: DeprecationWarning: Call to deprecated create function Descriptor(). Note: Create unlinked descriptors is going to go away. Please use get/find descriptors from generated code or query the descriptor_pool.
    _TELEMETRYRECORD = _descriptor.Descriptor(

../../../../../opt/anaconda3/envs/mlflow-a35db38b4ae81228d36bf1bbbc69f9f51ca6adad/lib/python3.9/site-packages/wandb/proto/wandb_telemetry_pb2.py:107
  /Users/pedroberaldo/opt/anaconda3/envs/mlflow-a35db38b4ae81228d36bf1bbbc69f9f51ca6adad/lib/python3.9/site-packages/wandb/proto/wandb_telemetry_pb2.py:107: DeprecationWarning: Call to deprecated create function FieldDescriptor(). Note: Create unlinked descriptors is going to go away. Please use get/find descriptors from generated code or query the descriptor_pool.
    _descriptor.FieldDescriptor(

../../../../../opt/anaconda3/envs/mlflow-a35db38b4ae81228d36bf1bbbc69f9f51ca6adad/lib/python3.9/site-packages/wandb/proto/wandb_telemetry_pb2.py:114
  /Users/pedroberaldo/opt/anaconda3/envs/mlflow-a35db38b4ae81228d36bf1bbbc69f9f51ca6adad/lib/python3.9/site-packages/wandb/proto/wandb_telemetry_pb2.py:114: DeprecationWarning: Call to deprecated create function FieldDescriptor(). Note: Create unlinked descriptors is going to go away. Please use get/find descriptors from generated code or query the descriptor_pool.
    _descriptor.FieldDescriptor(

../../../../../opt/anaconda3/envs/mlflow-a35db38b4ae81228d36bf1bbbc69f9f51ca6adad/lib/python3.9/site-packages/wandb/proto/wandb_telemetry_pb2.py:121
  /Users/pedroberaldo/opt/anaconda3/envs/mlflow-a35db38b4ae81228d36bf1bbbc69f9f51ca6adad/lib/python3.9/site-packages/wandb/proto/wandb_telemetry_pb2.py:121: DeprecationWarning: Call to deprecated create function FieldDescriptor(). Note: Create unlinked descriptors is going to go away. Please use get/find descriptors from generated code or query the descriptor_pool.
    _descriptor.FieldDescriptor(

../../../../../opt/anaconda3/envs/mlflow-a35db38b4ae81228d36bf1bbbc69f9f51ca6adad/lib/python3.9/site-packages/wandb/proto/wandb_telemetry_pb2.py:128
  /Users/pedroberaldo/opt/anaconda3/envs/mlflow-a35db38b4ae81228d36bf1bbbc69f9f51ca6adad/lib/python3.9/site-packages/wandb/proto/wandb_telemetry_pb2.py:128: DeprecationWarning: Call to deprecated create function FieldDescriptor(). Note: Create unlinked descriptors is going to go away. Please use get/find descriptors from generated code or query the descriptor_pool.
    _descriptor.FieldDescriptor(

../../../../../opt/anaconda3/envs/mlflow-a35db38b4ae81228d36bf1bbbc69f9f51ca6adad/lib/python3.9/site-packages/wandb/proto/wandb_telemetry_pb2.py:135
  /Users/pedroberaldo/opt/anaconda3/envs/mlflow-a35db38b4ae81228d36bf1bbbc69f9f51ca6adad/lib/python3.9/site-packages/wandb/proto/wandb_telemetry_pb2.py:135: DeprecationWarning: Call to deprecated create function FieldDescriptor(). Note: Create unlinked descriptors is going to go away. Please use get/find descriptors from generated code or query the descriptor_pool.
    _descriptor.FieldDescriptor(

../../../../../opt/anaconda3/envs/mlflow-a35db38b4ae81228d36bf1bbbc69f9f51ca6adad/lib/python3.9/site-packages/wandb/proto/wandb_telemetry_pb2.py:142
  /Users/pedroberaldo/opt/anaconda3/envs/mlflow-a35db38b4ae81228d36bf1bbbc69f9f51ca6adad/lib/python3.9/site-packages/wandb/proto/wandb_telemetry_pb2.py:142: DeprecationWarning: Call to deprecated create function FieldDescriptor(). Note: Create unlinked descriptors is going to go away. Please use get/find descriptors from generated code or query the descriptor_pool.
    _descriptor.FieldDescriptor(

../../../../../opt/anaconda3/envs/mlflow-a35db38b4ae81228d36bf1bbbc69f9f51ca6adad/lib/python3.9/site-packages/wandb/proto/wandb_telemetry_pb2.py:149
  /Users/pedroberaldo/opt/anaconda3/envs/mlflow-a35db38b4ae81228d36bf1bbbc69f9f51ca6adad/lib/python3.9/site-packages/wandb/proto/wandb_telemetry_pb2.py:149: DeprecationWarning: Call to deprecated create function FieldDescriptor(). Note: Create unlinked descriptors is going to go away. Please use get/find descriptors from generated code or query the descriptor_pool.
    _descriptor.FieldDescriptor(

../../../../../opt/anaconda3/envs/mlflow-a35db38b4ae81228d36bf1bbbc69f9f51ca6adad/lib/python3.9/site-packages/wandb/proto/wandb_telemetry_pb2.py:156
  /Users/pedroberaldo/opt/anaconda3/envs/mlflow-a35db38b4ae81228d36bf1bbbc69f9f51ca6adad/lib/python3.9/site-packages/wandb/proto/wandb_telemetry_pb2.py:156: DeprecationWarning: Call to deprecated create function FieldDescriptor(). Note: Create unlinked descriptors is going to go away. Please use get/find descriptors from generated code or query the descriptor_pool.
    _descriptor.FieldDescriptor(

../../../../../opt/anaconda3/envs/mlflow-a35db38b4ae81228d36bf1bbbc69f9f51ca6adad/lib/python3.9/site-packages/wandb/proto/wandb_telemetry_pb2.py:163
  /Users/pedroberaldo/opt/anaconda3/envs/mlflow-a35db38b4ae81228d36bf1bbbc69f9f51ca6adad/lib/python3.9/site-packages/wandb/proto/wandb_telemetry_pb2.py:163: DeprecationWarning: Call to deprecated create function FieldDescriptor(). Note: Create unlinked descriptors is going to go away. Please use get/find descriptors from generated code or query the descriptor_pool.
    _descriptor.FieldDescriptor(

../../../../../opt/anaconda3/envs/mlflow-a35db38b4ae81228d36bf1bbbc69f9f51ca6adad/lib/python3.9/site-packages/wandb/proto/wandb_telemetry_pb2.py:170
  /Users/pedroberaldo/opt/anaconda3/envs/mlflow-a35db38b4ae81228d36bf1bbbc69f9f51ca6adad/lib/python3.9/site-packages/wandb/proto/wandb_telemetry_pb2.py:170: DeprecationWarning: Call to deprecated create function FieldDescriptor(). Note: Create unlinked descriptors is going to go away. Please use get/find descriptors from generated code or query the descriptor_pool.
    _descriptor.FieldDescriptor(

../../../../../opt/anaconda3/envs/mlflow-a35db38b4ae81228d36bf1bbbc69f9f51ca6adad/lib/python3.9/site-packages/wandb/proto/wandb_telemetry_pb2.py:177
  /Users/pedroberaldo/opt/anaconda3/envs/mlflow-a35db38b4ae81228d36bf1bbbc69f9f51ca6adad/lib/python3.9/site-packages/wandb/proto/wandb_telemetry_pb2.py:177: DeprecationWarning: Call to deprecated create function FieldDescriptor(). Note: Create unlinked descriptors is going to go away. Please use get/find descriptors from generated code or query the descriptor_pool.
    _descriptor.FieldDescriptor(

../../../../../opt/anaconda3/envs/mlflow-a35db38b4ae81228d36bf1bbbc69f9f51ca6adad/lib/python3.9/site-packages/wandb/proto/wandb_telemetry_pb2.py:100
  /Users/pedroberaldo/opt/anaconda3/envs/mlflow-a35db38b4ae81228d36bf1bbbc69f9f51ca6adad/lib/python3.9/site-packages/wandb/proto/wandb_telemetry_pb2.py:100: DeprecationWarning: Call to deprecated create function Descriptor(). Note: Create unlinked descriptors is going to go away. Please use get/find descriptors from generated code or query the descriptor_pool.
    _IMPORTS = _descriptor.Descriptor(

../../../../../opt/anaconda3/envs/mlflow-a35db38b4ae81228d36bf1bbbc69f9f51ca6adad/lib/python3.9/site-packages/wandb/proto/wandb_telemetry_pb2.py:208
  /Users/pedroberaldo/opt/anaconda3/envs/mlflow-a35db38b4ae81228d36bf1bbbc69f9f51ca6adad/lib/python3.9/site-packages/wandb/proto/wandb_telemetry_pb2.py:208: DeprecationWarning: Call to deprecated create function FieldDescriptor(). Note: Create unlinked descriptors is going to go away. Please use get/find descriptors from generated code or query the descriptor_pool.
    _descriptor.FieldDescriptor(

../../../../../opt/anaconda3/envs/mlflow-a35db38b4ae81228d36bf1bbbc69f9f51ca6adad/lib/python3.9/site-packages/wandb/proto/wandb_telemetry_pb2.py:215
  /Users/pedroberaldo/opt/anaconda3/envs/mlflow-a35db38b4ae81228d36bf1bbbc69f9f51ca6adad/lib/python3.9/site-packages/wandb/proto/wandb_telemetry_pb2.py:215: DeprecationWarning: Call to deprecated create function FieldDescriptor(). Note: Create unlinked descriptors is going to go away. Please use get/find descriptors from generated code or query the descriptor_pool.
    _descriptor.FieldDescriptor(

../../../../../opt/anaconda3/envs/mlflow-a35db38b4ae81228d36bf1bbbc69f9f51ca6adad/lib/python3.9/site-packages/wandb/proto/wandb_telemetry_pb2.py:222
  /Users/pedroberaldo/opt/anaconda3/envs/mlflow-a35db38b4ae81228d36bf1bbbc69f9f51ca6adad/lib/python3.9/site-packages/wandb/proto/wandb_telemetry_pb2.py:222: DeprecationWarning: Call to deprecated create function FieldDescriptor(). Note: Create unlinked descriptors is going to go away. Please use get/find descriptors from generated code or query the descriptor_pool.
    _descriptor.FieldDescriptor(

../../../../../opt/anaconda3/envs/mlflow-a35db38b4ae81228d36bf1bbbc69f9f51ca6adad/lib/python3.9/site-packages/wandb/proto/wandb_telemetry_pb2.py:229
  /Users/pedroberaldo/opt/anaconda3/envs/mlflow-a35db38b4ae81228d36bf1bbbc69f9f51ca6adad/lib/python3.9/site-packages/wandb/proto/wandb_telemetry_pb2.py:229: DeprecationWarning: Call to deprecated create function FieldDescriptor(). Note: Create unlinked descriptors is going to go away. Please use get/find descriptors from generated code or query the descriptor_pool.
    _descriptor.FieldDescriptor(

../../../../../opt/anaconda3/envs/mlflow-a35db38b4ae81228d36bf1bbbc69f9f51ca6adad/lib/python3.9/site-packages/wandb/proto/wandb_telemetry_pb2.py:236
  /Users/pedroberaldo/opt/anaconda3/envs/mlflow-a35db38b4ae81228d36bf1bbbc69f9f51ca6adad/lib/python3.9/site-packages/wandb/proto/wandb_telemetry_pb2.py:236: DeprecationWarning: Call to deprecated create function FieldDescriptor(). Note: Create unlinked descriptors is going to go away. Please use get/find descriptors from generated code or query the descriptor_pool.
    _descriptor.FieldDescriptor(

../../../../../opt/anaconda3/envs/mlflow-a35db38b4ae81228d36bf1bbbc69f9f51ca6adad/lib/python3.9/site-packages/wandb/proto/wandb_telemetry_pb2.py:243
  /Users/pedroberaldo/opt/anaconda3/envs/mlflow-a35db38b4ae81228d36bf1bbbc69f9f51ca6adad/lib/python3.9/site-packages/wandb/proto/wandb_telemetry_pb2.py:243: DeprecationWarning: Call to deprecated create function FieldDescriptor(). Note: Create unlinked descriptors is going to go away. Please use get/find descriptors from generated code or query the descriptor_pool.
    _descriptor.FieldDescriptor(

../../../../../opt/anaconda3/envs/mlflow-a35db38b4ae81228d36bf1bbbc69f9f51ca6adad/lib/python3.9/site-packages/wandb/proto/wandb_telemetry_pb2.py:250
  /Users/pedroberaldo/opt/anaconda3/envs/mlflow-a35db38b4ae81228d36bf1bbbc69f9f51ca6adad/lib/python3.9/site-packages/wandb/proto/wandb_telemetry_pb2.py:250: DeprecationWarning: Call to deprecated create function FieldDescriptor(). Note: Create unlinked descriptors is going to go away. Please use get/find descriptors from generated code or query the descriptor_pool.
    _descriptor.FieldDescriptor(

../../../../../opt/anaconda3/envs/mlflow-a35db38b4ae81228d36bf1bbbc69f9f51ca6adad/lib/python3.9/site-packages/wandb/proto/wandb_telemetry_pb2.py:201
  /Users/pedroberaldo/opt/anaconda3/envs/mlflow-a35db38b4ae81228d36bf1bbbc69f9f51ca6adad/lib/python3.9/site-packages/wandb/proto/wandb_telemetry_pb2.py:201: DeprecationWarning: Call to deprecated create function Descriptor(). Note: Create unlinked descriptors is going to go away. Please use get/find descriptors from generated code or query the descriptor_pool.
    _FEATURE = _descriptor.Descriptor(

../../../../../opt/anaconda3/envs/mlflow-a35db38b4ae81228d36bf1bbbc69f9f51ca6adad/lib/python3.9/site-packages/wandb/proto/wandb_telemetry_pb2.py:281
  /Users/pedroberaldo/opt/anaconda3/envs/mlflow-a35db38b4ae81228d36bf1bbbc69f9f51ca6adad/lib/python3.9/site-packages/wandb/proto/wandb_telemetry_pb2.py:281: DeprecationWarning: Call to deprecated create function FieldDescriptor(). Note: Create unlinked descriptors is going to go away. Please use get/find descriptors from generated code or query the descriptor_pool.
    _descriptor.FieldDescriptor(

../../../../../opt/anaconda3/envs/mlflow-a35db38b4ae81228d36bf1bbbc69f9f51ca6adad/lib/python3.9/site-packages/wandb/proto/wandb_telemetry_pb2.py:288
  /Users/pedroberaldo/opt/anaconda3/envs/mlflow-a35db38b4ae81228d36bf1bbbc69f9f51ca6adad/lib/python3.9/site-packages/wandb/proto/wandb_telemetry_pb2.py:288: DeprecationWarning: Call to deprecated create function FieldDescriptor(). Note: Create unlinked descriptors is going to go away. Please use get/find descriptors from generated code or query the descriptor_pool.
    _descriptor.FieldDescriptor(

../../../../../opt/anaconda3/envs/mlflow-a35db38b4ae81228d36bf1bbbc69f9f51ca6adad/lib/python3.9/site-packages/wandb/proto/wandb_telemetry_pb2.py:295
  /Users/pedroberaldo/opt/anaconda3/envs/mlflow-a35db38b4ae81228d36bf1bbbc69f9f51ca6adad/lib/python3.9/site-packages/wandb/proto/wandb_telemetry_pb2.py:295: DeprecationWarning: Call to deprecated create function FieldDescriptor(). Note: Create unlinked descriptors is going to go away. Please use get/find descriptors from generated code or query the descriptor_pool.
    _descriptor.FieldDescriptor(

../../../../../opt/anaconda3/envs/mlflow-a35db38b4ae81228d36bf1bbbc69f9f51ca6adad/lib/python3.9/site-packages/wandb/proto/wandb_telemetry_pb2.py:302
  /Users/pedroberaldo/opt/anaconda3/envs/mlflow-a35db38b4ae81228d36bf1bbbc69f9f51ca6adad/lib/python3.9/site-packages/wandb/proto/wandb_telemetry_pb2.py:302: DeprecationWarning: Call to deprecated create function FieldDescriptor(). Note: Create unlinked descriptors is going to go away. Please use get/find descriptors from generated code or query the descriptor_pool.
    _descriptor.FieldDescriptor(

../../../../../opt/anaconda3/envs/mlflow-a35db38b4ae81228d36bf1bbbc69f9f51ca6adad/lib/python3.9/site-packages/wandb/proto/wandb_telemetry_pb2.py:309
  /Users/pedroberaldo/opt/anaconda3/envs/mlflow-a35db38b4ae81228d36bf1bbbc69f9f51ca6adad/lib/python3.9/site-packages/wandb/proto/wandb_telemetry_pb2.py:309: DeprecationWarning: Call to deprecated create function FieldDescriptor(). Note: Create unlinked descriptors is going to go away. Please use get/find descriptors from generated code or query the descriptor_pool.
    _descriptor.FieldDescriptor(

../../../../../opt/anaconda3/envs/mlflow-a35db38b4ae81228d36bf1bbbc69f9f51ca6adad/lib/python3.9/site-packages/wandb/proto/wandb_telemetry_pb2.py:316
  /Users/pedroberaldo/opt/anaconda3/envs/mlflow-a35db38b4ae81228d36bf1bbbc69f9f51ca6adad/lib/python3.9/site-packages/wandb/proto/wandb_telemetry_pb2.py:316: DeprecationWarning: Call to deprecated create function FieldDescriptor(). Note: Create unlinked descriptors is going to go away. Please use get/find descriptors from generated code or query the descriptor_pool.
    _descriptor.FieldDescriptor(

../../../../../opt/anaconda3/envs/mlflow-a35db38b4ae81228d36bf1bbbc69f9f51ca6adad/lib/python3.9/site-packages/wandb/proto/wandb_telemetry_pb2.py:323
  /Users/pedroberaldo/opt/anaconda3/envs/mlflow-a35db38b4ae81228d36bf1bbbc69f9f51ca6adad/lib/python3.9/site-packages/wandb/proto/wandb_telemetry_pb2.py:323: DeprecationWarning: Call to deprecated create function FieldDescriptor(). Note: Create unlinked descriptors is going to go away. Please use get/find descriptors from generated code or query the descriptor_pool.
    _descriptor.FieldDescriptor(

../../../../../opt/anaconda3/envs/mlflow-a35db38b4ae81228d36bf1bbbc69f9f51ca6adad/lib/python3.9/site-packages/wandb/proto/wandb_telemetry_pb2.py:330
  /Users/pedroberaldo/opt/anaconda3/envs/mlflow-a35db38b4ae81228d36bf1bbbc69f9f51ca6adad/lib/python3.9/site-packages/wandb/proto/wandb_telemetry_pb2.py:330: DeprecationWarning: Call to deprecated create function FieldDescriptor(). Note: Create unlinked descriptors is going to go away. Please use get/find descriptors from generated code or query the descriptor_pool.
    _descriptor.FieldDescriptor(

../../../../../opt/anaconda3/envs/mlflow-a35db38b4ae81228d36bf1bbbc69f9f51ca6adad/lib/python3.9/site-packages/wandb/proto/wandb_telemetry_pb2.py:274
  /Users/pedroberaldo/opt/anaconda3/envs/mlflow-a35db38b4ae81228d36bf1bbbc69f9f51ca6adad/lib/python3.9/site-packages/wandb/proto/wandb_telemetry_pb2.py:274: DeprecationWarning: Call to deprecated create function Descriptor(). Note: Create unlinked descriptors is going to go away. Please use get/find descriptors from generated code or query the descriptor_pool.
    _ENV = _descriptor.Descriptor(

../../../../../opt/anaconda3/envs/mlflow-a35db38b4ae81228d36bf1bbbc69f9f51ca6adad/lib/python3.9/site-packages/wandb/proto/wandb_internal_pb2.py:18
  /Users/pedroberaldo/opt/anaconda3/envs/mlflow-a35db38b4ae81228d36bf1bbbc69f9f51ca6adad/lib/python3.9/site-packages/wandb/proto/wandb_internal_pb2.py:18: DeprecationWarning: Call to deprecated create function FileDescriptor(). Note: Create unlinked descriptors is going to go away. Please use get/find descriptors from generated code or query the descriptor_pool.
    DESCRIPTOR = _descriptor.FileDescriptor(

../../../../../opt/anaconda3/envs/mlflow-a35db38b4ae81228d36bf1bbbc69f9f51ca6adad/lib/python3.9/site-packages/wandb/proto/wandb_internal_pb2.py:35
  /Users/pedroberaldo/opt/anaconda3/envs/mlflow-a35db38b4ae81228d36bf1bbbc69f9f51ca6adad/lib/python3.9/site-packages/wandb/proto/wandb_internal_pb2.py:35: DeprecationWarning: Call to deprecated create function EnumValueDescriptor(). Note: Create unlinked descriptors is going to go away. Please use get/find descriptors from generated code or query the descriptor_pool.
    _descriptor.EnumValueDescriptor(

../../../../../opt/anaconda3/envs/mlflow-a35db38b4ae81228d36bf1bbbc69f9f51ca6adad/lib/python3.9/site-packages/wandb/proto/wandb_internal_pb2.py:39
  /Users/pedroberaldo/opt/anaconda3/envs/mlflow-a35db38b4ae81228d36bf1bbbc69f9f51ca6adad/lib/python3.9/site-packages/wandb/proto/wandb_internal_pb2.py:39: DeprecationWarning: Call to deprecated create function EnumValueDescriptor(). Note: Create unlinked descriptors is going to go away. Please use get/find descriptors from generated code or query the descriptor_pool.
    _descriptor.EnumValueDescriptor(

../../../../../opt/anaconda3/envs/mlflow-a35db38b4ae81228d36bf1bbbc69f9f51ca6adad/lib/python3.9/site-packages/wandb/proto/wandb_internal_pb2.py:43
  /Users/pedroberaldo/opt/anaconda3/envs/mlflow-a35db38b4ae81228d36bf1bbbc69f9f51ca6adad/lib/python3.9/site-packages/wandb/proto/wandb_internal_pb2.py:43: DeprecationWarning: Call to deprecated create function EnumValueDescriptor(). Note: Create unlinked descriptors is going to go away. Please use get/find descriptors from generated code or query the descriptor_pool.
    _descriptor.EnumValueDescriptor(

../../../../../opt/anaconda3/envs/mlflow-a35db38b4ae81228d36bf1bbbc69f9f51ca6adad/lib/python3.9/site-packages/wandb/proto/wandb_internal_pb2.py:47
  /Users/pedroberaldo/opt/anaconda3/envs/mlflow-a35db38b4ae81228d36bf1bbbc69f9f51ca6adad/lib/python3.9/site-packages/wandb/proto/wandb_internal_pb2.py:47: DeprecationWarning: Call to deprecated create function EnumValueDescriptor(). Note: Create unlinked descriptors is going to go away. Please use get/find descriptors from generated code or query the descriptor_pool.
    _descriptor.EnumValueDescriptor(

../../../../../opt/anaconda3/envs/mlflow-a35db38b4ae81228d36bf1bbbc69f9f51ca6adad/lib/python3.9/site-packages/wandb/proto/wandb_internal_pb2.py:51
  /Users/pedroberaldo/opt/anaconda3/envs/mlflow-a35db38b4ae81228d36bf1bbbc69f9f51ca6adad/lib/python3.9/site-packages/wandb/proto/wandb_internal_pb2.py:51: DeprecationWarning: Call to deprecated create function EnumValueDescriptor(). Note: Create unlinked descriptors is going to go away. Please use get/find descriptors from generated code or query the descriptor_pool.
    _descriptor.EnumValueDescriptor(

../../../../../opt/anaconda3/envs/mlflow-a35db38b4ae81228d36bf1bbbc69f9f51ca6adad/lib/python3.9/site-packages/wandb/proto/wandb_internal_pb2.py:29
  /Users/pedroberaldo/opt/anaconda3/envs/mlflow-a35db38b4ae81228d36bf1bbbc69f9f51ca6adad/lib/python3.9/site-packages/wandb/proto/wandb_internal_pb2.py:29: DeprecationWarning: Call to deprecated create function EnumDescriptor(). Note: Create unlinked descriptors is going to go away. Please use get/find descriptors from generated code or query the descriptor_pool.
    _ERRORINFO_ERRORCODE = _descriptor.EnumDescriptor(

../../../../../opt/anaconda3/envs/mlflow-a35db38b4ae81228d36bf1bbbc69f9f51ca6adad/lib/python3.9/site-packages/wandb/proto/wandb_internal_pb2.py:69
  /Users/pedroberaldo/opt/anaconda3/envs/mlflow-a35db38b4ae81228d36bf1bbbc69f9f51ca6adad/lib/python3.9/site-packages/wandb/proto/wandb_internal_pb2.py:69: DeprecationWarning: Call to deprecated create function EnumValueDescriptor(). Note: Create unlinked descriptors is going to go away. Please use get/find descriptors from generated code or query the descriptor_pool.
    _descriptor.EnumValueDescriptor(

../../../../../opt/anaconda3/envs/mlflow-a35db38b4ae81228d36bf1bbbc69f9f51ca6adad/lib/python3.9/site-packages/wandb/proto/wandb_internal_pb2.py:73
  /Users/pedroberaldo/opt/anaconda3/envs/mlflow-a35db38b4ae81228d36bf1bbbc69f9f51ca6adad/lib/python3.9/site-packages/wandb/proto/wandb_internal_pb2.py:73: DeprecationWarning: Call to deprecated create function EnumValueDescriptor(). Note: Create unlinked descriptors is going to go away. Please use get/find descriptors from generated code or query the descriptor_pool.
    _descriptor.EnumValueDescriptor(

../../../../../opt/anaconda3/envs/mlflow-a35db38b4ae81228d36bf1bbbc69f9f51ca6adad/lib/python3.9/site-packages/wandb/proto/wandb_internal_pb2.py:63
  /Users/pedroberaldo/opt/anaconda3/envs/mlflow-a35db38b4ae81228d36bf1bbbc69f9f51ca6adad/lib/python3.9/site-packages/wandb/proto/wandb_internal_pb2.py:63: DeprecationWarning: Call to deprecated create function EnumDescriptor(). Note: Create unlinked descriptors is going to go away. Please use get/find descriptors from generated code or query the descriptor_pool.
    _OUTPUTRECORD_OUTPUTTYPE = _descriptor.EnumDescriptor(

../../../../../opt/anaconda3/envs/mlflow-a35db38b4ae81228d36bf1bbbc69f9f51ca6adad/lib/python3.9/site-packages/wandb/proto/wandb_internal_pb2.py:91
  /Users/pedroberaldo/opt/anaconda3/envs/mlflow-a35db38b4ae81228d36bf1bbbc69f9f51ca6adad/lib/python3.9/site-packages/wandb/proto/wandb_internal_pb2.py:91: DeprecationWarning: Call to deprecated create function EnumValueDescriptor(). Note: Create unlinked descriptors is going to go away. Please use get/find descriptors from generated code or query the descriptor_pool.
    _descriptor.EnumValueDescriptor(

../../../../../opt/anaconda3/envs/mlflow-a35db38b4ae81228d36bf1bbbc69f9f51ca6adad/lib/python3.9/site-packages/wandb/proto/wandb_internal_pb2.py:95
  /Users/pedroberaldo/opt/anaconda3/envs/mlflow-a35db38b4ae81228d36bf1bbbc69f9f51ca6adad/lib/python3.9/site-packages/wandb/proto/wandb_internal_pb2.py:95: DeprecationWarning: Call to deprecated create function EnumValueDescriptor(). Note: Create unlinked descriptors is going to go away. Please use get/find descriptors from generated code or query the descriptor_pool.
    _descriptor.EnumValueDescriptor(

../../../../../opt/anaconda3/envs/mlflow-a35db38b4ae81228d36bf1bbbc69f9f51ca6adad/lib/python3.9/site-packages/wandb/proto/wandb_internal_pb2.py:99
  /Users/pedroberaldo/opt/anaconda3/envs/mlflow-a35db38b4ae81228d36bf1bbbc69f9f51ca6adad/lib/python3.9/site-packages/wandb/proto/wandb_internal_pb2.py:99: DeprecationWarning: Call to deprecated create function EnumValueDescriptor(). Note: Create unlinked descriptors is going to go away. Please use get/find descriptors from generated code or query the descriptor_pool.
    _descriptor.EnumValueDescriptor(

../../../../../opt/anaconda3/envs/mlflow-a35db38b4ae81228d36bf1bbbc69f9f51ca6adad/lib/python3.9/site-packages/wandb/proto/wandb_internal_pb2.py:85
  /Users/pedroberaldo/opt/anaconda3/envs/mlflow-a35db38b4ae81228d36bf1bbbc69f9f51ca6adad/lib/python3.9/site-packages/wandb/proto/wandb_internal_pb2.py:85: DeprecationWarning: Call to deprecated create function EnumDescriptor(). Note: Create unlinked descriptors is going to go away. Please use get/find descriptors from generated code or query the descriptor_pool.
    _METRICRECORD_METRICGOAL = _descriptor.EnumDescriptor(

../../../../../opt/anaconda3/envs/mlflow-a35db38b4ae81228d36bf1bbbc69f9f51ca6adad/lib/python3.9/site-packages/wandb/proto/wandb_internal_pb2.py:117
  /Users/pedroberaldo/opt/anaconda3/envs/mlflow-a35db38b4ae81228d36bf1bbbc69f9f51ca6adad/lib/python3.9/site-packages/wandb/proto/wandb_internal_pb2.py:117: DeprecationWarning: Call to deprecated create function EnumValueDescriptor(). Note: Create unlinked descriptors is going to go away. Please use get/find descriptors from generated code or query the descriptor_pool.
    _descriptor.EnumValueDescriptor(

../../../../../opt/anaconda3/envs/mlflow-a35db38b4ae81228d36bf1bbbc69f9f51ca6adad/lib/python3.9/site-packages/wandb/proto/wandb_internal_pb2.py:121
  /Users/pedroberaldo/opt/anaconda3/envs/mlflow-a35db38b4ae81228d36bf1bbbc69f9f51ca6adad/lib/python3.9/site-packages/wandb/proto/wandb_internal_pb2.py:121: DeprecationWarning: Call to deprecated create function EnumValueDescriptor(). Note: Create unlinked descriptors is going to go away. Please use get/find descriptors from generated code or query the descriptor_pool.
    _descriptor.EnumValueDescriptor(

../../../../../opt/anaconda3/envs/mlflow-a35db38b4ae81228d36bf1bbbc69f9f51ca6adad/lib/python3.9/site-packages/wandb/proto/wandb_internal_pb2.py:125
  /Users/pedroberaldo/opt/anaconda3/envs/mlflow-a35db38b4ae81228d36bf1bbbc69f9f51ca6adad/lib/python3.9/site-packages/wandb/proto/wandb_internal_pb2.py:125: DeprecationWarning: Call to deprecated create function EnumValueDescriptor(). Note: Create unlinked descriptors is going to go away. Please use get/find descriptors from generated code or query the descriptor_pool.
    _descriptor.EnumValueDescriptor(

../../../../../opt/anaconda3/envs/mlflow-a35db38b4ae81228d36bf1bbbc69f9f51ca6adad/lib/python3.9/site-packages/wandb/proto/wandb_internal_pb2.py:111
  /Users/pedroberaldo/opt/anaconda3/envs/mlflow-a35db38b4ae81228d36bf1bbbc69f9f51ca6adad/lib/python3.9/site-packages/wandb/proto/wandb_internal_pb2.py:111: DeprecationWarning: Call to deprecated create function EnumDescriptor(). Note: Create unlinked descriptors is going to go away. Please use get/find descriptors from generated code or query the descriptor_pool.
    _FILESITEM_POLICYTYPE = _descriptor.EnumDescriptor(

../../../../../opt/anaconda3/envs/mlflow-a35db38b4ae81228d36bf1bbbc69f9f51ca6adad/lib/python3.9/site-packages/wandb/proto/wandb_internal_pb2.py:143
  /Users/pedroberaldo/opt/anaconda3/envs/mlflow-a35db38b4ae81228d36bf1bbbc69f9f51ca6adad/lib/python3.9/site-packages/wandb/proto/wandb_internal_pb2.py:143: DeprecationWarning: Call to deprecated create function EnumValueDescriptor(). Note: Create unlinked descriptors is going to go away. Please use get/find descriptors from generated code or query the descriptor_pool.
    _descriptor.EnumValueDescriptor(

../../../../../opt/anaconda3/envs/mlflow-a35db38b4ae81228d36bf1bbbc69f9f51ca6adad/lib/python3.9/site-packages/wandb/proto/wandb_internal_pb2.py:137
  /Users/pedroberaldo/opt/anaconda3/envs/mlflow-a35db38b4ae81228d36bf1bbbc69f9f51ca6adad/lib/python3.9/site-packages/wandb/proto/wandb_internal_pb2.py:137: DeprecationWarning: Call to deprecated create function EnumDescriptor(). Note: Create unlinked descriptors is going to go away. Please use get/find descriptors from generated code or query the descriptor_pool.
    _STATSRECORD_STATSTYPE = _descriptor.EnumDescriptor(

../../../../../opt/anaconda3/envs/mlflow-a35db38b4ae81228d36bf1bbbc69f9f51ca6adad/lib/python3.9/site-packages/wandb/proto/wandb_internal_pb2.py:161
  /Users/pedroberaldo/opt/anaconda3/envs/mlflow-a35db38b4ae81228d36bf1bbbc69f9f51ca6adad/lib/python3.9/site-packages/wandb/proto/wandb_internal_pb2.py:161: DeprecationWarning: Call to deprecated create function EnumValueDescriptor(). Note: Create unlinked descriptors is going to go away. Please use get/find descriptors from generated code or query the descriptor_pool.
    _descriptor.EnumValueDescriptor(

../../../../../opt/anaconda3/envs/mlflow-a35db38b4ae81228d36bf1bbbc69f9f51ca6adad/lib/python3.9/site-packages/wandb/proto/wandb_internal_pb2.py:165
  /Users/pedroberaldo/opt/anaconda3/envs/mlflow-a35db38b4ae81228d36bf1bbbc69f9f51ca6adad/lib/python3.9/site-packages/wandb/proto/wandb_internal_pb2.py:165: DeprecationWarning: Call to deprecated create function EnumValueDescriptor(). Note: Create unlinked descriptors is going to go away. Please use get/find descriptors from generated code or query the descriptor_pool.
    _descriptor.EnumValueDescriptor(

../../../../../opt/anaconda3/envs/mlflow-a35db38b4ae81228d36bf1bbbc69f9f51ca6adad/lib/python3.9/site-packages/wandb/proto/wandb_internal_pb2.py:169
  /Users/pedroberaldo/opt/anaconda3/envs/mlflow-a35db38b4ae81228d36bf1bbbc69f9f51ca6adad/lib/python3.9/site-packages/wandb/proto/wandb_internal_pb2.py:169: DeprecationWarning: Call to deprecated create function EnumValueDescriptor(). Note: Create unlinked descriptors is going to go away. Please use get/find descriptors from generated code or query the descriptor_pool.
    _descriptor.EnumValueDescriptor(

../../../../../opt/anaconda3/envs/mlflow-a35db38b4ae81228d36bf1bbbc69f9f51ca6adad/lib/python3.9/site-packages/wandb/proto/wandb_internal_pb2.py:173
  /Users/pedroberaldo/opt/anaconda3/envs/mlflow-a35db38b4ae81228d36bf1bbbc69f9f51ca6adad/lib/python3.9/site-packages/wandb/proto/wandb_internal_pb2.py:173: DeprecationWarning: Call to deprecated create function EnumValueDescriptor(). Note: Create unlinked descriptors is going to go away. Please use get/find descriptors from generated code or query the descriptor_pool.
    _descriptor.EnumValueDescriptor(

../../../../../opt/anaconda3/envs/mlflow-a35db38b4ae81228d36bf1bbbc69f9f51ca6adad/lib/python3.9/site-packages/wandb/proto/wandb_internal_pb2.py:177
  /Users/pedroberaldo/opt/anaconda3/envs/mlflow-a35db38b4ae81228d36bf1bbbc69f9f51ca6adad/lib/python3.9/site-packages/wandb/proto/wandb_internal_pb2.py:177: DeprecationWarning: Call to deprecated create function EnumValueDescriptor(). Note: Create unlinked descriptors is going to go away. Please use get/find descriptors from generated code or query the descriptor_pool.
    _descriptor.EnumValueDescriptor(

../../../../../opt/anaconda3/envs/mlflow-a35db38b4ae81228d36bf1bbbc69f9f51ca6adad/lib/python3.9/site-packages/wandb/proto/wandb_internal_pb2.py:181
  /Users/pedroberaldo/opt/anaconda3/envs/mlflow-a35db38b4ae81228d36bf1bbbc69f9f51ca6adad/lib/python3.9/site-packages/wandb/proto/wandb_internal_pb2.py:181: DeprecationWarning: Call to deprecated create function EnumValueDescriptor(). Note: Create unlinked descriptors is going to go away. Please use get/find descriptors from generated code or query the descriptor_pool.
    _descriptor.EnumValueDescriptor(

../../../../../opt/anaconda3/envs/mlflow-a35db38b4ae81228d36bf1bbbc69f9f51ca6adad/lib/python3.9/site-packages/wandb/proto/wandb_internal_pb2.py:185
  /Users/pedroberaldo/opt/anaconda3/envs/mlflow-a35db38b4ae81228d36bf1bbbc69f9f51ca6adad/lib/python3.9/site-packages/wandb/proto/wandb_internal_pb2.py:185: DeprecationWarning: Call to deprecated create function EnumValueDescriptor(). Note: Create unlinked descriptors is going to go away. Please use get/find descriptors from generated code or query the descriptor_pool.
    _descriptor.EnumValueDescriptor(

../../../../../opt/anaconda3/envs/mlflow-a35db38b4ae81228d36bf1bbbc69f9f51ca6adad/lib/python3.9/site-packages/wandb/proto/wandb_internal_pb2.py:189
  /Users/pedroberaldo/opt/anaconda3/envs/mlflow-a35db38b4ae81228d36bf1bbbc69f9f51ca6adad/lib/python3.9/site-packages/wandb/proto/wandb_internal_pb2.py:189: DeprecationWarning: Call to deprecated create function EnumValueDescriptor(). Note: Create unlinked descriptors is going to go away. Please use get/find descriptors from generated code or query the descriptor_pool.
    _descriptor.EnumValueDescriptor(

../../../../../opt/anaconda3/envs/mlflow-a35db38b4ae81228d36bf1bbbc69f9f51ca6adad/lib/python3.9/site-packages/wandb/proto/wandb_internal_pb2.py:193
  /Users/pedroberaldo/opt/anaconda3/envs/mlflow-a35db38b4ae81228d36bf1bbbc69f9f51ca6adad/lib/python3.9/site-packages/wandb/proto/wandb_internal_pb2.py:193: DeprecationWarning: Call to deprecated create function EnumValueDescriptor(). Note: Create unlinked descriptors is going to go away. Please use get/find descriptors from generated code or query the descriptor_pool.
    _descriptor.EnumValueDescriptor(

../../../../../opt/anaconda3/envs/mlflow-a35db38b4ae81228d36bf1bbbc69f9f51ca6adad/lib/python3.9/site-packages/wandb/proto/wandb_internal_pb2.py:155
  /Users/pedroberaldo/opt/anaconda3/envs/mlflow-a35db38b4ae81228d36bf1bbbc69f9f51ca6adad/lib/python3.9/site-packages/wandb/proto/wandb_internal_pb2.py:155: DeprecationWarning: Call to deprecated create function EnumDescriptor(). Note: Create unlinked descriptors is going to go away. Please use get/find descriptors from generated code or query the descriptor_pool.
    _DEFERREQUEST_DEFERSTATE = _descriptor.EnumDescriptor(

../../../../../opt/anaconda3/envs/mlflow-a35db38b4ae81228d36bf1bbbc69f9f51ca6adad/lib/python3.9/site-packages/wandb/proto/wandb_internal_pb2.py:213
  /Users/pedroberaldo/opt/anaconda3/envs/mlflow-a35db38b4ae81228d36bf1bbbc69f9f51ca6adad/lib/python3.9/site-packages/wandb/proto/wandb_internal_pb2.py:213: DeprecationWarning: Call to deprecated create function FieldDescriptor(). Note: Create unlinked descriptors is going to go away. Please use get/find descriptors from generated code or query the descriptor_pool.
    _descriptor.FieldDescriptor(

../../../../../opt/anaconda3/envs/mlflow-a35db38b4ae81228d36bf1bbbc69f9f51ca6adad/lib/python3.9/site-packages/wandb/proto/wandb_internal_pb2.py:220
  /Users/pedroberaldo/opt/anaconda3/envs/mlflow-a35db38b4ae81228d36bf1bbbc69f9f51ca6adad/lib/python3.9/site-packages/wandb/proto/wandb_internal_pb2.py:220: DeprecationWarning: Call to deprecated create function FieldDescriptor(). Note: Create unlinked descriptors is going to go away. Please use get/find descriptors from generated code or query the descriptor_pool.
    _descriptor.FieldDescriptor(

../../../../../opt/anaconda3/envs/mlflow-a35db38b4ae81228d36bf1bbbc69f9f51ca6adad/lib/python3.9/site-packages/wandb/proto/wandb_internal_pb2.py:227
  /Users/pedroberaldo/opt/anaconda3/envs/mlflow-a35db38b4ae81228d36bf1bbbc69f9f51ca6adad/lib/python3.9/site-packages/wandb/proto/wandb_internal_pb2.py:227: DeprecationWarning: Call to deprecated create function FieldDescriptor(). Note: Create unlinked descriptors is going to go away. Please use get/find descriptors from generated code or query the descriptor_pool.
    _descriptor.FieldDescriptor(

../../../../../opt/anaconda3/envs/mlflow-a35db38b4ae81228d36bf1bbbc69f9f51ca6adad/lib/python3.9/site-packages/wandb/proto/wandb_internal_pb2.py:234
  /Users/pedroberaldo/opt/anaconda3/envs/mlflow-a35db38b4ae81228d36bf1bbbc69f9f51ca6adad/lib/python3.9/site-packages/wandb/proto/wandb_internal_pb2.py:234: DeprecationWarning: Call to deprecated create function FieldDescriptor(). Note: Create unlinked descriptors is going to go away. Please use get/find descriptors from generated code or query the descriptor_pool.
    _descriptor.FieldDescriptor(

../../../../../opt/anaconda3/envs/mlflow-a35db38b4ae81228d36bf1bbbc69f9f51ca6adad/lib/python3.9/site-packages/wandb/proto/wandb_internal_pb2.py:241
  /Users/pedroberaldo/opt/anaconda3/envs/mlflow-a35db38b4ae81228d36bf1bbbc69f9f51ca6adad/lib/python3.9/site-packages/wandb/proto/wandb_internal_pb2.py:241: DeprecationWarning: Call to deprecated create function FieldDescriptor(). Note: Create unlinked descriptors is going to go away. Please use get/find descriptors from generated code or query the descriptor_pool.
    _descriptor.FieldDescriptor(

../../../../../opt/anaconda3/envs/mlflow-a35db38b4ae81228d36bf1bbbc69f9f51ca6adad/lib/python3.9/site-packages/wandb/proto/wandb_internal_pb2.py:248
  /Users/pedroberaldo/opt/anaconda3/envs/mlflow-a35db38b4ae81228d36bf1bbbc69f9f51ca6adad/lib/python3.9/site-packages/wandb/proto/wandb_internal_pb2.py:248: DeprecationWarning: Call to deprecated create function FieldDescriptor(). Note: Create unlinked descriptors is going to go away. Please use get/find descriptors from generated code or query the descriptor_pool.
    _descriptor.FieldDescriptor(

../../../../../opt/anaconda3/envs/mlflow-a35db38b4ae81228d36bf1bbbc69f9f51ca6adad/lib/python3.9/site-packages/wandb/proto/wandb_internal_pb2.py:255
  /Users/pedroberaldo/opt/anaconda3/envs/mlflow-a35db38b4ae81228d36bf1bbbc69f9f51ca6adad/lib/python3.9/site-packages/wandb/proto/wandb_internal_pb2.py:255: DeprecationWarning: Call to deprecated create function FieldDescriptor(). Note: Create unlinked descriptors is going to go away. Please use get/find descriptors from generated code or query the descriptor_pool.
    _descriptor.FieldDescriptor(

../../../../../opt/anaconda3/envs/mlflow-a35db38b4ae81228d36bf1bbbc69f9f51ca6adad/lib/python3.9/site-packages/wandb/proto/wandb_internal_pb2.py:262
  /Users/pedroberaldo/opt/anaconda3/envs/mlflow-a35db38b4ae81228d36bf1bbbc69f9f51ca6adad/lib/python3.9/site-packages/wandb/proto/wandb_internal_pb2.py:262: DeprecationWarning: Call to deprecated create function FieldDescriptor(). Note: Create unlinked descriptors is going to go away. Please use get/find descriptors from generated code or query the descriptor_pool.
    _descriptor.FieldDescriptor(

../../../../../opt/anaconda3/envs/mlflow-a35db38b4ae81228d36bf1bbbc69f9f51ca6adad/lib/python3.9/site-packages/wandb/proto/wandb_internal_pb2.py:269
  /Users/pedroberaldo/opt/anaconda3/envs/mlflow-a35db38b4ae81228d36bf1bbbc69f9f51ca6adad/lib/python3.9/site-packages/wandb/proto/wandb_internal_pb2.py:269: DeprecationWarning: Call to deprecated create function FieldDescriptor(). Note: Create unlinked descriptors is going to go away. Please use get/find descriptors from generated code or query the descriptor_pool.
    _descriptor.FieldDescriptor(

../../../../../opt/anaconda3/envs/mlflow-a35db38b4ae81228d36bf1bbbc69f9f51ca6adad/lib/python3.9/site-packages/wandb/proto/wandb_internal_pb2.py:276
  /Users/pedroberaldo/opt/anaconda3/envs/mlflow-a35db38b4ae81228d36bf1bbbc69f9f51ca6adad/lib/python3.9/site-packages/wandb/proto/wandb_internal_pb2.py:276: DeprecationWarning: Call to deprecated create function FieldDescriptor(). Note: Create unlinked descriptors is going to go away. Please use get/find descriptors from generated code or query the descriptor_pool.
    _descriptor.FieldDescriptor(

../../../../../opt/anaconda3/envs/mlflow-a35db38b4ae81228d36bf1bbbc69f9f51ca6adad/lib/python3.9/site-packages/wandb/proto/wandb_internal_pb2.py:283
  /Users/pedroberaldo/opt/anaconda3/envs/mlflow-a35db38b4ae81228d36bf1bbbc69f9f51ca6adad/lib/python3.9/site-packages/wandb/proto/wandb_internal_pb2.py:283: DeprecationWarning: Call to deprecated create function FieldDescriptor(). Note: Create unlinked descriptors is going to go away. Please use get/find descriptors from generated code or query the descriptor_pool.
    _descriptor.FieldDescriptor(

../../../../../opt/anaconda3/envs/mlflow-a35db38b4ae81228d36bf1bbbc69f9f51ca6adad/lib/python3.9/site-packages/wandb/proto/wandb_internal_pb2.py:290
  /Users/pedroberaldo/opt/anaconda3/envs/mlflow-a35db38b4ae81228d36bf1bbbc69f9f51ca6adad/lib/python3.9/site-packages/wandb/proto/wandb_internal_pb2.py:290: DeprecationWarning: Call to deprecated create function FieldDescriptor(). Note: Create unlinked descriptors is going to go away. Please use get/find descriptors from generated code or query the descriptor_pool.
    _descriptor.FieldDescriptor(

../../../../../opt/anaconda3/envs/mlflow-a35db38b4ae81228d36bf1bbbc69f9f51ca6adad/lib/python3.9/site-packages/wandb/proto/wandb_internal_pb2.py:297
  /Users/pedroberaldo/opt/anaconda3/envs/mlflow-a35db38b4ae81228d36bf1bbbc69f9f51ca6adad/lib/python3.9/site-packages/wandb/proto/wandb_internal_pb2.py:297: DeprecationWarning: Call to deprecated create function FieldDescriptor(). Note: Create unlinked descriptors is going to go away. Please use get/find descriptors from generated code or query the descriptor_pool.
    _descriptor.FieldDescriptor(

../../../../../opt/anaconda3/envs/mlflow-a35db38b4ae81228d36bf1bbbc69f9f51ca6adad/lib/python3.9/site-packages/wandb/proto/wandb_internal_pb2.py:304
  /Users/pedroberaldo/opt/anaconda3/envs/mlflow-a35db38b4ae81228d36bf1bbbc69f9f51ca6adad/lib/python3.9/site-packages/wandb/proto/wandb_internal_pb2.py:304: DeprecationWarning: Call to deprecated create function FieldDescriptor(). Note: Create unlinked descriptors is going to go away. Please use get/find descriptors from generated code or query the descriptor_pool.
    _descriptor.FieldDescriptor(

../../../../../opt/anaconda3/envs/mlflow-a35db38b4ae81228d36bf1bbbc69f9f51ca6adad/lib/python3.9/site-packages/wandb/proto/wandb_internal_pb2.py:311
  /Users/pedroberaldo/opt/anaconda3/envs/mlflow-a35db38b4ae81228d36bf1bbbc69f9f51ca6adad/lib/python3.9/site-packages/wandb/proto/wandb_internal_pb2.py:311: DeprecationWarning: Call to deprecated create function FieldDescriptor(). Note: Create unlinked descriptors is going to go away. Please use get/find descriptors from generated code or query the descriptor_pool.
    _descriptor.FieldDescriptor(

../../../../../opt/anaconda3/envs/mlflow-a35db38b4ae81228d36bf1bbbc69f9f51ca6adad/lib/python3.9/site-packages/wandb/proto/wandb_internal_pb2.py:318
  /Users/pedroberaldo/opt/anaconda3/envs/mlflow-a35db38b4ae81228d36bf1bbbc69f9f51ca6adad/lib/python3.9/site-packages/wandb/proto/wandb_internal_pb2.py:318: DeprecationWarning: Call to deprecated create function FieldDescriptor(). Note: Create unlinked descriptors is going to go away. Please use get/find descriptors from generated code or query the descriptor_pool.
    _descriptor.FieldDescriptor(

../../../../../opt/anaconda3/envs/mlflow-a35db38b4ae81228d36bf1bbbc69f9f51ca6adad/lib/python3.9/site-packages/wandb/proto/wandb_internal_pb2.py:325
  /Users/pedroberaldo/opt/anaconda3/envs/mlflow-a35db38b4ae81228d36bf1bbbc69f9f51ca6adad/lib/python3.9/site-packages/wandb/proto/wandb_internal_pb2.py:325: DeprecationWarning: Call to deprecated create function FieldDescriptor(). Note: Create unlinked descriptors is going to go away. Please use get/find descriptors from generated code or query the descriptor_pool.
    _descriptor.FieldDescriptor(

../../../../../opt/anaconda3/envs/mlflow-a35db38b4ae81228d36bf1bbbc69f9f51ca6adad/lib/python3.9/site-packages/wandb/proto/wandb_internal_pb2.py:332
  /Users/pedroberaldo/opt/anaconda3/envs/mlflow-a35db38b4ae81228d36bf1bbbc69f9f51ca6adad/lib/python3.9/site-packages/wandb/proto/wandb_internal_pb2.py:332: DeprecationWarning: Call to deprecated create function FieldDescriptor(). Note: Create unlinked descriptors is going to go away. Please use get/find descriptors from generated code or query the descriptor_pool.
    _descriptor.FieldDescriptor(

../../../../../opt/anaconda3/envs/mlflow-a35db38b4ae81228d36bf1bbbc69f9f51ca6adad/lib/python3.9/site-packages/wandb/proto/wandb_internal_pb2.py:339
  /Users/pedroberaldo/opt/anaconda3/envs/mlflow-a35db38b4ae81228d36bf1bbbc69f9f51ca6adad/lib/python3.9/site-packages/wandb/proto/wandb_internal_pb2.py:339: DeprecationWarning: Call to deprecated create function FieldDescriptor(). Note: Create unlinked descriptors is going to go away. Please use get/find descriptors from generated code or query the descriptor_pool.
    _descriptor.FieldDescriptor(

../../../../../opt/anaconda3/envs/mlflow-a35db38b4ae81228d36bf1bbbc69f9f51ca6adad/lib/python3.9/site-packages/wandb/proto/wandb_internal_pb2.py:346
  /Users/pedroberaldo/opt/anaconda3/envs/mlflow-a35db38b4ae81228d36bf1bbbc69f9f51ca6adad/lib/python3.9/site-packages/wandb/proto/wandb_internal_pb2.py:346: DeprecationWarning: Call to deprecated create function FieldDescriptor(). Note: Create unlinked descriptors is going to go away. Please use get/find descriptors from generated code or query the descriptor_pool.
    _descriptor.FieldDescriptor(

../../../../../opt/anaconda3/envs/mlflow-a35db38b4ae81228d36bf1bbbc69f9f51ca6adad/lib/python3.9/site-packages/wandb/proto/wandb_internal_pb2.py:364
  /Users/pedroberaldo/opt/anaconda3/envs/mlflow-a35db38b4ae81228d36bf1bbbc69f9f51ca6adad/lib/python3.9/site-packages/wandb/proto/wandb_internal_pb2.py:364: DeprecationWarning: Call to deprecated create function OneofDescriptor(). Note: Create unlinked descriptors is going to go away. Please use get/find descriptors from generated code or query the descriptor_pool.
    _descriptor.OneofDescriptor(

../../../../../opt/anaconda3/envs/mlflow-a35db38b4ae81228d36bf1bbbc69f9f51ca6adad/lib/python3.9/site-packages/wandb/proto/wandb_internal_pb2.py:206
  /Users/pedroberaldo/opt/anaconda3/envs/mlflow-a35db38b4ae81228d36bf1bbbc69f9f51ca6adad/lib/python3.9/site-packages/wandb/proto/wandb_internal_pb2.py:206: DeprecationWarning: Call to deprecated create function Descriptor(). Note: Create unlinked descriptors is going to go away. Please use get/find descriptors from generated code or query the descriptor_pool.
    _RECORD = _descriptor.Descriptor(

../../../../../opt/anaconda3/envs/mlflow-a35db38b4ae81228d36bf1bbbc69f9f51ca6adad/lib/python3.9/site-packages/wandb/proto/wandb_internal_pb2.py:380
  /Users/pedroberaldo/opt/anaconda3/envs/mlflow-a35db38b4ae81228d36bf1bbbc69f9f51ca6adad/lib/python3.9/site-packages/wandb/proto/wandb_internal_pb2.py:380: DeprecationWarning: Call to deprecated create function FieldDescriptor(). Note: Create unlinked descriptors is going to go away. Please use get/find descriptors from generated code or query the descriptor_pool.
    _descriptor.FieldDescriptor(

../../../../../opt/anaconda3/envs/mlflow-a35db38b4ae81228d36bf1bbbc69f9f51ca6adad/lib/python3.9/site-packages/wandb/proto/wandb_internal_pb2.py:387
  /Users/pedroberaldo/opt/anaconda3/envs/mlflow-a35db38b4ae81228d36bf1bbbc69f9f51ca6adad/lib/python3.9/site-packages/wandb/proto/wandb_internal_pb2.py:387: DeprecationWarning: Call to deprecated create function FieldDescriptor(). Note: Create unlinked descriptors is going to go away. Please use get/find descriptors from generated code or query the descriptor_pool.
    _descriptor.FieldDescriptor(

../../../../../opt/anaconda3/envs/mlflow-a35db38b4ae81228d36bf1bbbc69f9f51ca6adad/lib/python3.9/site-packages/wandb/proto/wandb_internal_pb2.py:373
  /Users/pedroberaldo/opt/anaconda3/envs/mlflow-a35db38b4ae81228d36bf1bbbc69f9f51ca6adad/lib/python3.9/site-packages/wandb/proto/wandb_internal_pb2.py:373: DeprecationWarning: Call to deprecated create function Descriptor(). Note: Create unlinked descriptors is going to go away. Please use get/find descriptors from generated code or query the descriptor_pool.
    _CONTROL = _descriptor.Descriptor(

../../../../../opt/anaconda3/envs/mlflow-a35db38b4ae81228d36bf1bbbc69f9f51ca6adad/lib/python3.9/site-packages/wandb/proto/wandb_internal_pb2.py:418
  /Users/pedroberaldo/opt/anaconda3/envs/mlflow-a35db38b4ae81228d36bf1bbbc69f9f51ca6adad/lib/python3.9/site-packages/wandb/proto/wandb_internal_pb2.py:418: DeprecationWarning: Call to deprecated create function FieldDescriptor(). Note: Create unlinked descriptors is going to go away. Please use get/find descriptors from generated code or query the descriptor_pool.
    _descriptor.FieldDescriptor(

../../../../../opt/anaconda3/envs/mlflow-a35db38b4ae81228d36bf1bbbc69f9f51ca6adad/lib/python3.9/site-packages/wandb/proto/wandb_internal_pb2.py:425
  /Users/pedroberaldo/opt/anaconda3/envs/mlflow-a35db38b4ae81228d36bf1bbbc69f9f51ca6adad/lib/python3.9/site-packages/wandb/proto/wandb_internal_pb2.py:425: DeprecationWarning: Call to deprecated create function FieldDescriptor(). Note: Create unlinked descriptors is going to go away. Please use get/find descriptors from generated code or query the descriptor_pool.
    _descriptor.FieldDescriptor(

../../../../../opt/anaconda3/envs/mlflow-a35db38b4ae81228d36bf1bbbc69f9f51ca6adad/lib/python3.9/site-packages/wandb/proto/wandb_internal_pb2.py:432
  /Users/pedroberaldo/opt/anaconda3/envs/mlflow-a35db38b4ae81228d36bf1bbbc69f9f51ca6adad/lib/python3.9/site-packages/wandb/proto/wandb_internal_pb2.py:432: DeprecationWarning: Call to deprecated create function FieldDescriptor(). Note: Create unlinked descriptors is going to go away. Please use get/find descriptors from generated code or query the descriptor_pool.
    _descriptor.FieldDescriptor(

../../../../../opt/anaconda3/envs/mlflow-a35db38b4ae81228d36bf1bbbc69f9f51ca6adad/lib/python3.9/site-packages/wandb/proto/wandb_internal_pb2.py:439
  /Users/pedroberaldo/opt/anaconda3/envs/mlflow-a35db38b4ae81228d36bf1bbbc69f9f51ca6adad/lib/python3.9/site-packages/wandb/proto/wandb_internal_pb2.py:439: Depreca